<?xml version="1.0" encoding="UTF-8"?>
<testsuite xmlns:xsi="http://www.w3.org/2001/XMLSchema-instance" xsi:noNamespaceSchemaLocation="https://maven.apache.org/surefire/maven-surefire-plugin/xsd/surefire-test-report.xsd" name="bgu.spl.mics.FutureTest" time="0" tests="4" errors="0" skipped="0" failures="4">
  <properties>
[...]
</properties>
  <testcase name="testGet" classname="bgu.spl.mics.FutureTest" time="0">
    <failure message="expected: &lt;null&gt; but was: &lt;foo&gt;" type="org.opentest4j.AssertionFailedError"><![CDATA[org.opentest4j.AssertionFailedError: expected: <null> but was: <foo>
	at bgu.spl.mics.FutureTest.testGet(FutureTest.java:64)
]]></failure>
  </testcase>
  <testcase name="isDone" classname="bgu.spl.mics.FutureTest" time="0">
    <failure message="expected: &lt;true&gt; but was: &lt;false&gt;" type="org.opentest4j.AssertionFailedError"><![CDATA[org.opentest4j.AssertionFailedError: expected: <true> but was: <false>
	at bgu.spl.mics.FutureTest.isDone(FutureTest.java:50)
]]></failure>
  </testcase>
  <testcase name="get" classname="bgu.spl.mics.FutureTest" time="0">
    <failure message="expected: &lt;true&gt; but was: &lt;false&gt;" type="org.opentest4j.AssertionFailedError"><![CDATA[org.opentest4j.AssertionFailedError: expected: <true> but was: <false>
	at bgu.spl.mics.FutureTest.get(FutureTest.java:27)
]]></failure>
  </testcase>
  <testcase name="resolve" classname="bgu.spl.mics.FutureTest" time="0">
    <failure message="expected: &lt;true&gt; but was: &lt;false&gt;" type="org.opentest4j.AssertionFailedError"><![CDATA[org.opentest4j.AssertionFailedError: expected: <true> but was: <false>
	at bgu.spl.mics.FutureTest.resolve(FutureTest.java:37)
]]></failure>
  </testcase>
</testsuite>